<?xml version="1.0" encoding="UTF-8" ?>
<testsuites disabled="0" errors="0" failures="0" tests="5" time="5.356">
 <testsuite name="App" timestamp="2020-05-13T16:53:01" hostname="localhost" time="5.356" errors="0" tests="5" skipped="0" disabled="0" failures="0">
  <testcase classname="App" name="getting resolution of current envireonment" time="2.199" />
  <testcase classname="App" name="should display welcome message" time="3.002" />
  <testcase classname="App" name="check if all skaters are present" time="0.062" />
  <testcase classname="App" name="check if all actresses are present" time="0.044" />
  <testcase classname="App" name="check if button is clickable" time="0.046" />
 </testsuite>
</testsuites>